<?xml version="1.0" encoding="utf-8"?><testsuites name="pytest tests"><testsuite name="pytest" errors="0" failures="0" skipped="0" tests="172" time="0.661" timestamp="2026-09-22T19:07:53.921908-06:00" hostname="Aldo"><testcase classname="tests.test_boundary_values" name="test_boundary_value[BV01: Checking transfer boundary 0]" time="0.004" /><testcase classname="tests.test_boundary_values" name="test_boundary_value[BV02: Checking transfer boundary 0.01]" time="0.001" /><testcase classname="tests.test_boundary_values" name="test_boundary_value[BV03: Checking transfer boundary 4999.99]" time="0.002" /><testcase classname="tests.test_boundary_values" name="test_boundary_value[BV04: Checking transfer boundary 5000]" time="0.001" /><testcase classname="tests.test_boundary_values" name="test_boundary_value[BV05: Checking transfer boundary 5000.01]" time="0.001" /><testcase classname="tests.test_boundary_values" name="test_boundary_value[BV06: Checking transfer boundary 10000]" time="0.002" /><testcase classname="tests.test_boundary_values" name="test_boundary_value[BV07: Savings transfer boundary 0]" time="0.002" /><testcase classname="tests.test_boundary_values" name="test_boundary_value[BV08: Savings transfer boundary 0.01]" time="0.002" /><testcase classname="tests.test_boundary_values" name="test_boundary_value[BV09: Savings transfer boundary 1999.99]" time="0.001" /><testcase classname="tests.test_boundary_values" name="test_boundary_value[BV10: Savings transfer boundary 2000]" time="0.001" /><testcase classname="tests.test_boundary_values" name="test_boundary_value[BV11: Savings transfer boundary 2000.01]" time="0.001" /><testcase classname="tests.test_boundary_values" name="test_boundary_value[BV12: Savings transfer boundary 4000]" time="0.001" /><testcase classname="tests.test_boundary_values" name="test_boundary_value[BV13: Savings minimum 0]" time="0.001" /><testcase classname="tests.test_boundary_values" name="test_boundary_value[BV14: Savings minimum 99.98]" time="0.001" /><testcase classname="tests.test_boundary_values" name="test_boundary_value[BV15: Savings minimum 99.99]" time="0.001" /><testcase classname="tests.test_boundary_values" name="test_boundary_value[BV16: Savings minimum 100]" time="0.001" /><testcase classname="tests.test_boundary_values" name="test_boundary_value[BV17: Savings minimum 100.01]" time="0.001" /><testcase classname="tests.test_boundary_values" name="test_boundary_value[BV18: Savings minimum 200]" time="0.001" /><testcase classname="tests.test_boundary_values" name="test_boundary_value[BV19: Savings fee threshold 999.98]" time="0.001" /><testcase classname="tests.test_boundary_values" name="test_boundary_value[BV20: Savings fee threshold 999.99]" time="0.001" /><testcase classname="tests.test_boundary_values" name="test_boundary_value[BV21: Savings fee threshold 1000]" time="0.001" /><testcase classname="tests.test_boundary_values" name="test_boundary_value[BV22: Savings fee threshold 1000.01]" time="0.001" /><testcase classname="tests.test_boundary_values" name="test_boundary_value[BV23: Savings fee threshold 1000.02]" time="0.001" /><testcase classname="tests.test_boundary_values" name="test_boundary_value[BV24: Savings fee threshold 2000]" time="0.001" /><testcase classname="tests.test_boundary_values" name="test_boundary_value[BV25: Checking fee threshold 4999.98]" time="0.001" /><testcase classname="tests.test_boundary_values" name="test_boundary_value[BV26: Checking fee threshold 4999.99]" time="0.001" /><testcase classname="tests.test_boundary_values" name="test_boundary_value[BV27: Checking fee threshold 5000]" time="0.001" /><testcase classname="tests.test_boundary_values" name="test_boundary_value[BV28: Checking fee threshold 5000.01]" time="0.001" /><testcase classname="tests.test_boundary_values" name="test_boundary_value[BV29: Checking fee threshold 5000.02]" time="0.001" /><testcase classname="tests.test_boundary_values" name="test_boundary_value[BV30: Checking fee threshold 10000]" time="0.001" /><testcase classname="tests.test_boundary_values" name="test_boundary_value[BV31: cumulative remaining allowance 0]" time="0.002" /><testcase classname="tests.test_boundary_values" name="test_boundary_value[BV32: cumulative remaining allowance 0.01]" time="0.001" /><testcase classname="tests.test_boundary_values" name="test_boundary_value[BV33: cumulative remaining allowance 99.99]" time="0.001" /><testcase classname="tests.test_boundary_values" name="test_boundary_value[BV34: cumulative remaining allowance 100]" time="0.001" /><testcase classname="tests.test_boundary_values" name="test_boundary_value[BV35: cumulative remaining allowance 100.01]" time="0.001" /><testcase classname="tests.test_boundary_values" name="test_boundary_value[BV36: cumulative remaining allowance 200]" time="0.001" /><testcase classname="tests.test_boundary_values" name="test_boundary_value[BV37: available funds 0]" time="0.001" /><testcase classname="tests.test_boundary_values" name="test_boundary_value[BV38: available funds 0.01]" time="0.001" /><testcase classname="tests.test_boundary_values" name="test_boundary_value[BV39: available funds 99.99]" time="0.001" /><testcase classname="tests.test_boundary_values" name="test_boundary_value[BV40: available funds 100]" time="0.001" /><testcase classname="tests.test_boundary_values" name="test_boundary_value[BV41: available funds 100.01]" time="0.001" /><testcase classname="tests.test_boundary_values" name="test_boundary_value[BV42: available funds 101]" time="0.001" /><testcase classname="tests.test_boundary_values" name="test_boundary_value[BV43: Premium minimum 0]" time="0.001" /><testcase classname="tests.test_boundary_values" name="test_boundary_value[BV44: Premium minimum 9999.98]" time="0.001" /><testcase classname="tests.test_boundary_values" name="test_boundary_value[BV45: Premium minimum 9999.99]" time="0.001" /><testcase classname="tests.test_boundary_values" name="test_boundary_value[BV46: Premium minimum 10000]" time="0.001" /><testcase classname="tests.test_boundary_values" name="test_boundary_value[BV47: Premium minimum 10000.01]" time="0.001" /><testcase classname="tests.test_boundary_values" name="test_boundary_value[BV48: Premium minimum 20000]" time="0.001" /><testcase classname="tests.test_boundary_values" name="test_boundary_value[BV49: UTC midnight resets cumulative limit]" time="0.001" /><testcase classname="tests.test_boundary_values" name="test_boundary_value[BV50: history includes both endpoints only]" time="0.001" /><testcase classname="tests.test_boundary_values" name="test_boundary_value[BV51: payment yesterday rejected]" time="0.001" /><testcase classname="tests.test_boundary_values" name="test_boundary_value[BV52: payment today debits immediately]" time="0.001" /><testcase classname="tests.test_boundary_values" name="test_boundary_value[BV53: payment tomorrow executes once when due]" time="0.001" /><testcase classname="tests.test_boundary_values" name="test_boundary_value[BV54: valid leap-day history interval]" time="0.001" /><testcase classname="tests.test_boundary_values" name="test_boundary_value[BV55: fee only on first and once per month]" time="0.001" /><testcase classname="tests.test_boundary_values" name="test_boundary_value[BV56: cent arithmetic does not accumulate binary drift]" time="0.001" /><testcase classname="tests.test_boundary_values" name="test_boundary_value[BV57: exact maximum balance deposit allowed]" time="0.001" /><testcase classname="tests.test_boundary_values" name="test_boundary_value[BV58: Premium daily limit inclusive]" time="0.001" /><testcase classname="tests.test_decision_tables" name="test_decision_rule[DT01: transfer active=True funds=True within-limit=True]" time="0.001" /><testcase classname="tests.test_decision_tables" name="test_decision_rule[DT02: transfer active=True funds=True within-limit=False]" time="0.001" /><testcase classname="tests.test_decision_tables" name="test_decision_rule[DT03: transfer active=True funds=False within-limit=True]" time="0.001" /><testcase classname="tests.test_decision_tables" name="test_decision_rule[DT04: transfer active=True funds=False within-limit=False]" time="0.001" /><testcase classname="tests.test_decision_tables" name="test_decision_rule[DT05: transfer active=False funds=True within-limit=True]" time="0.001" /><testcase classname="tests.test_decision_tables" name="test_decision_rule[DT06: transfer active=False funds=True within-limit=False]" time="0.001" /><testcase classname="tests.test_decision_tables" name="test_decision_rule[DT07: transfer active=False funds=False within-limit=True]" time="0.001" /><testcase classname="tests.test_decision_tables" name="test_decision_rule[DT08: transfer active=False funds=False within-limit=False]" time="0.001" /><testcase classname="tests.test_decision_tables" name="test_decision_rule[DT09: monthly fee Savings balance=1000.01]" time="0.001" /><testcase classname="tests.test_decision_tables" name="test_decision_rule[DT10: monthly fee Savings balance=1000]" time="0.001" /><testcase classname="tests.test_decision_tables" name="test_decision_rule[DT11: monthly fee Savings balance=100]" time="0.001" /><testcase classname="tests.test_decision_tables" name="test_decision_rule[DT12: monthly fee Savings balance=5]" time="0.001" /><testcase classname="tests.test_decision_tables" name="test_decision_rule[DT13: monthly fee Savings balance=4.99]" time="0.001" /><testcase classname="tests.test_decision_tables" name="test_decision_rule[DT14: monthly fee Checking balance=5000.01]" time="0.001" /><testcase classname="tests.test_decision_tables" name="test_decision_rule[DT15: monthly fee Checking balance=5000]" time="0.001" /><testcase classname="tests.test_decision_tables" name="test_decision_rule[DT16: monthly fee Checking balance=10]" time="0.001" /><testcase classname="tests.test_decision_tables" name="test_decision_rule[DT17: monthly fee Checking balance=9.99]" time="0.001" /><testcase classname="tests.test_decision_tables" name="test_decision_rule[DT18: monthly fee Premium balance=10000]" time="0.001" /><testcase classname="tests.test_decision_tables" name="test_decision_rule[DT19: monthly fee Premium balance=9999]" time="0.001" /><testcase classname="tests.test_decision_tables" name="test_decision_rule[DT20: bill active=True payee=True funds=True]" time="0.001" /><testcase classname="tests.test_decision_tables" name="test_decision_rule[DT21: bill active=True payee=True funds=False]" time="0.001" /><testcase classname="tests.test_decision_tables" name="test_decision_rule[DT22: bill active=True payee=False funds=True]" time="0.001" /><testcase classname="tests.test_decision_tables" name="test_decision_rule[DT23: bill active=True payee=False funds=False]" time="0.001" /><testcase classname="tests.test_decision_tables" name="test_decision_rule[DT24: bill active=False payee=True funds=True]" time="0.001" /><testcase classname="tests.test_decision_tables" name="test_decision_rule[DT25: bill active=False payee=True funds=False]" time="0.001" /><testcase classname="tests.test_decision_tables" name="test_decision_rule[DT26: bill active=False payee=False funds=True]" time="0.001" /><testcase classname="tests.test_decision_tables" name="test_decision_rule[DT27: bill active=False payee=False funds=False]" time="0.001" /><testcase classname="tests.test_decision_tables" name="test_decision_rule[DT28: failed fee attempt is consumed for the month]" time="0.001" /><testcase classname="tests.test_decision_tables" name="test_decision_rule[DT29: waiver checked at fee time and processed once]" time="0.001" /><testcase classname="tests.test_decision_tables" name="test_decision_rule[DT30: scheduled payment rechecks funds and fails once]" time="0.001" /><testcase classname="tests.test_decision_tables" name="test_decision_rule[DT31: scheduled payment rechecks Frozen state]" time="0.001" /><testcase classname="tests.test_decision_tables" name="test_decision_rule[DT32: scheduled payments run in insertion order]" time="0.001" /><testcase classname="tests.test_decision_tables" name="test_decision_rule[DT33: invalid scheduling does not enqueue payment]" time="0.001" /><testcase classname="tests.test_equivalence_partitioning" name="test_equivalence_partition[EP01: valid transfer amount]" time="0.002" /><testcase classname="tests.test_equivalence_partitioning" name="test_equivalence_partition[EP02: invalid transfer representative 0]" time="0.001" /><testcase classname="tests.test_equivalence_partitioning" name="test_equivalence_partition[EP03: invalid transfer representative -100]" time="0.001" /><testcase classname="tests.test_equivalence_partitioning" name="test_equivalence_partition[EP04: invalid transfer representative 5001]" time="0.001" /><testcase classname="tests.test_equivalence_partitioning" name="test_equivalence_partition[EP05: invalid transfer representative 501]" time="0.001" /><testcase classname="tests.test_equivalence_partitioning" name="test_equivalence_partition[EP06: invalid transfer representative '10']" time="0.001" /><testcase classname="tests.test_equivalence_partitioning" name="test_equivalence_partition[EP07: invalid transfer representative True]" time="0.001" /><testcase classname="tests.test_equivalence_partitioning" name="test_equivalence_partition[EP08: invalid transfer representative 0.001]" time="0.002" /><testcase classname="tests.test_equivalence_partitioning" name="test_equivalence_partition[EP09: supported type Savings]" time="0.001" /><testcase classname="tests.test_equivalence_partitioning" name="test_equivalence_partition[EP10: supported type Checking]" time="0.001" /><testcase classname="tests.test_equivalence_partitioning" name="test_equivalence_partition[EP11: supported type Premium]" time="0.001" /><testcase classname="tests.test_equivalence_partitioning" name="test_equivalence_partition[EP12: unsupported account type Business]" time="0.001" /><testcase classname="tests.test_equivalence_partitioning" name="test_equivalence_partition[EP13: unsupported account type None]" time="0.001" /><testcase classname="tests.test_equivalence_partitioning" name="test_equivalence_partition[EP14: opening below minimum]" time="0.002" /><testcase classname="tests.test_equivalence_partitioning" name="test_equivalence_partition[EP15: opening above minimum]" time="0.001" /><testcase classname="tests.test_equivalence_partitioning" name="test_equivalence_partition[EP16: invalid opening balance -1]" time="0.001" /><testcase classname="tests.test_equivalence_partitioning" name="test_equivalence_partition[EP17: invalid opening balance '100']" time="0.002" /><testcase classname="tests.test_equivalence_partitioning" name="test_equivalence_partition[EP18: invalid opening balance 0.001]" time="0.003" /><testcase classname="tests.test_equivalence_partitioning" name="test_equivalence_partition[EP19: registered payee]" time="0.003" /><testcase classname="tests.test_equivalence_partitioning" name="test_equivalence_partition[EP20: invalid payee 'stranger']" time="0.002" /><testcase classname="tests.test_equivalence_partitioning" name="test_equivalence_partition[EP21: invalid payee '']" time="0.002" /><testcase classname="tests.test_equivalence_partitioning" name="test_equivalence_partition[EP22: invalid payee None]" time="0.002" /><testcase classname="tests.test_equivalence_partitioning" name="test_equivalence_partition[EP23: history range contains activity]" time="0.001" /><testcase classname="tests.test_equivalence_partitioning" name="test_equivalence_partition[EP24: history range without activity]" time="0.002" /><testcase classname="tests.test_equivalence_partitioning" name="test_equivalence_partition[EP25: reversed history dates]" time="0.001" /><testcase classname="tests.test_equivalence_partitioning" name="test_equivalence_partition[EP26: invalid history start '09/22/2026']" time="0.003" /><testcase classname="tests.test_equivalence_partitioning" name="test_equivalence_partition[EP27: invalid history start '2026-02-30']" time="0.001" /><testcase classname="tests.test_equivalence_partitioning" name="test_equivalence_partition[EP28: invalid history start None]" time="0.001" /><testcase classname="tests.test_equivalence_partitioning" name="test_equivalence_partition[EP29: invalid destination '']" time="0.001" /><testcase classname="tests.test_equivalence_partitioning" name="test_equivalence_partition[EP30: invalid destination '   ']" time="0.001" /><testcase classname="tests.test_equivalence_partitioning" name="test_equivalence_partition[EP31: invalid destination None]" time="0.001" /><testcase classname="tests.test_equivalence_partitioning" name="test_equivalence_partition[EP32: invalid destination 12]" time="0.001" /><testcase classname="tests.test_equivalence_partitioning" name="test_equivalence_partition[EP33: named own-account destination]" time="0.001" /><testcase classname="tests.test_equivalence_partitioning" name="test_equivalence_partition[EP34: valid owner update trims whitespace]" time="0.001" /><testcase classname="tests.test_equivalence_partitioning" name="test_equivalence_partition[EP35: invalid owner '']" time="0.001" /><testcase classname="tests.test_equivalence_partitioning" name="test_equivalence_partition[EP36: invalid owner '  ']" time="0.002" /><testcase classname="tests.test_equivalence_partitioning" name="test_equivalence_partition[EP37: invalid owner 100]" time="0.001" /><testcase classname="tests.test_equivalence_partitioning" name="test_equivalence_partition[EP38: invalid owner None]" time="0.001" /><testcase classname="tests.test_equivalence_partitioning" name="test_equivalence_partition[EP39: invalid bill amount 0]" time="0.002" /><testcase classname="tests.test_equivalence_partitioning" name="test_equivalence_partition[EP40: invalid bill amount -1]" time="0.002" /><testcase classname="tests.test_equivalence_partitioning" name="test_equivalence_partition[EP41: invalid bill amount '5']" time="0.002" /><testcase classname="tests.test_equivalence_partitioning" name="test_equivalence_partition[EP42: invalid bill amount 0.001]" time="0.002" /><testcase classname="tests.test_equivalence_partitioning" name="test_equivalence_partition[EP43: invalid deposit 0]" time="0.002" /><testcase classname="tests.test_equivalence_partitioning" name="test_equivalence_partition[EP44: invalid deposit -1]" time="0.002" /><testcase classname="tests.test_equivalence_partitioning" name="test_equivalence_partition[EP45: invalid deposit '5']" time="0.002" /><testcase classname="tests.test_equivalence_partitioning" name="test_equivalence_partition[EP46: invalid deposit 0.001]" time="0.002" /><testcase classname="tests.test_equivalence_partitioning" name="test_equivalence_partition[EP47: nonfinite transfer NaN]" time="0.002" /><testcase classname="tests.test_equivalence_partitioning" name="test_equivalence_partition[EP48: nonfinite opening NaN]" time="0.001" /><testcase classname="tests.test_equivalence_partitioning" name="test_equivalence_partition[EP49: nonfinite transfer Infinity]" time="0.001" /><testcase classname="tests.test_equivalence_partitioning" name="test_equivalence_partition[EP50: nonfinite opening Infinity]" time="0.002" /><testcase classname="tests.test_equivalence_partitioning" name="test_equivalence_partition[EP51: nonfinite transfer -Infinity]" time="0.002" /><testcase classname="tests.test_equivalence_partitioning" name="test_equivalence_partition[EP52: nonfinite opening -Infinity]" time="0.001" /><testcase classname="tests.test_equivalence_partitioning" name="test_equivalence_partition[EP53: amount exceeds arithmetic cap]" time="0.001" /><testcase classname="tests.test_equivalence_partitioning" name="test_equivalence_partition[EP54: deposit would exceed balance cap]" time="0.002" /><testcase classname="tests.test_equivalence_partitioning" name="test_equivalence_partition[EP55: invalid payment date]" time="0.002" /><testcase classname="tests.test_equivalence_partitioning" name="test_equivalence_partition[EP56: history returns independent records]" time="0.002" /><testcase classname="tests.test_equivalence_partitioning" name="test_equivalence_partition[EP57: CSV escapes comma and quotes]" time="0.002" /><testcase classname="tests.test_equivalence_partitioning" name="test_equivalence_partition[EP58: empty CSV retains header]" time="0.001" /><testcase classname="tests.test_equivalence_partitioning" name="test_equivalence_partition[EP59: CSV rejects reversed range]" time="0.001" /><testcase classname="tests.test_equivalence_partitioning" name="test_equivalence_partition[EP60: invalid date edge '2026-09-22\\n']" time="0.001" /><testcase classname="tests.test_equivalence_partitioning" name="test_equivalence_partition[EP61: invalid date edge '0000-01-01']" time="0.001" /><testcase classname="tests.test_equivalence_partitioning" name="test_equivalence_partition[EP62: invalid date edge '2026-02-29']" time="0.001" /><testcase classname="tests.test_equivalence_partitioning" name="test_equivalence_partition[EP63: invalid date edge '2026-09-31']" time="0.001" /><testcase classname="tests.test_equivalence_partitioning" name="test_equivalence_partition[EP64: history validates end date too]" time="0.001" /><testcase classname="tests.test_equivalence_partitioning" name="test_equivalence_partition[EP65: boolean opening balance rejected]" time="0.001" /><testcase classname="tests.test_equivalence_partitioning" name="test_equivalence_partition[EP66: account type object rejected]" time="0.001" /><testcase classname="tests.test_state_transitions" name="test_state_transition[ST01: transfer below minimum suspends]" time="0.001" /><testcase classname="tests.test_state_transitions" name="test_state_transition[ST02: exact deposit restoration reactivates]" time="0.001" /><testcase classname="tests.test_state_transitions" name="test_state_transition[ST03: partial restoration remains suspended]" time="0.001" /><testcase classname="tests.test_state_transitions" name="test_state_transition[ST04: Frozen rejects monetary operations and repeated freeze]" time="0.001" /><testcase classname="tests.test_state_transitions" name="test_state_transition[ST05: unfreeze restores transfers]" time="0.001" /><testcase classname="tests.test_state_transitions" name="test_state_transition[ST06: Closed is terminal and viewable]" time="0.001" /><testcase classname="tests.test_state_transitions" name="test_state_transition[ST07: Suspended may close]" time="0.001" /><testcase classname="tests.test_state_transitions" name="test_state_transition[ST08: Frozen may close]" time="0.001" /><testcase classname="tests.test_state_transitions" name="test_state_transition[ST09: Suspended rejects outgoing transactions and invalid transitions]" time="0.001" /><testcase classname="tests.test_state_transitions" name="test_state_transition[ST10: Active cannot unfreeze]" time="0.001" /><testcase classname="tests.test_state_transitions" name="test_state_transition[ST11: unaffordable fee suspends without overdraft]" time="0.001" /><testcase classname="tests.test_state_transitions" name="test_state_transition[ST12: fee suspension followed by deposit recovery]" time="0.001" /><testcase classname="tests.test_state_transitions" name="test_state_transition[ST13: bill debit can suspend Savings]" time="0.001" /><testcase classname="tests.test_state_transitions" name="test_state_transition[ST14: Suspended owner update is allowed]" time="0.001" /><testcase classname="tests.test_state_transitions" name="test_state_transition[ST15: Closed rejects scheduled queue processing]" time="0.001" /></testsuite></testsuites>