<?xml version="1.0" encoding="utf-8"?><testsuites name="pytest tests"><testsuite name="pytest" errors="0" failures="0" skipped="0" tests="125" time="0.716" timestamp="2026-09-23T10:32:09.406169-06:00" hostname="DAVID_PC"><testcase classname="tests.test_boundary_values" name="test_transfer_limit_boundaries[BV-A1]" time="0.005" /><testcase classname="tests.test_boundary_values" name="test_transfer_limit_boundaries[BV-A2]" time="0.002" /><testcase classname="tests.test_boundary_values" name="test_transfer_limit_boundaries[BV-A3]" time="0.002" /><testcase classname="tests.test_boundary_values" name="test_transfer_limit_boundaries[BV-A4]" time="0.003" /><testcase classname="tests.test_boundary_values" name="test_transfer_limit_boundaries[BV-A5]" time="0.003" /><testcase classname="tests.test_boundary_values" name="test_transfer_limit_boundaries[BV-A6]" time="0.002" /><testcase classname="tests.test_boundary_values" name="test_transfer_limit_boundaries[BV-A7]" time="0.002" /><testcase classname="tests.test_boundary_values" name="test_transfer_limit_boundaries[BV-A8]" time="0.002" /><testcase classname="tests.test_boundary_values" name="test_transfer_limit_boundaries[BV-A9]" time="0.003" /><testcase classname="tests.test_boundary_values" name="test_transfer_limit_boundaries[BV-A10]" time="0.002" /><testcase classname="tests.test_boundary_values" name="test_transfer_limit_boundaries[BV-A11]" time="0.002" /><testcase classname="tests.test_boundary_values" name="test_transfer_limit_boundaries[BV-A12]" time="0.002" /><testcase classname="tests.test_boundary_values" name="test_savings_minimum_boundary[BV-M1]" time="0.002" /><testcase classname="tests.test_boundary_values" name="test_savings_minimum_boundary[BV-M2]" time="0.002" /><testcase classname="tests.test_boundary_values" name="test_savings_minimum_boundary[BV-M3]" time="0.002" /><testcase classname="tests.test_boundary_values" name="test_savings_minimum_boundary[BV-M4]" time="0.002" /><testcase classname="tests.test_boundary_values" name="test_savings_minimum_boundary[BV-M5]" time="0.002" /><testcase classname="tests.test_boundary_values" name="test_savings_fee_waiver_boundary[BV-F1]" time="0.002" /><testcase classname="tests.test_boundary_values" name="test_savings_fee_waiver_boundary[BV-F2]" time="0.002" /><testcase classname="tests.test_boundary_values" name="test_savings_fee_waiver_boundary[BV-F3]" time="0.003" /><testcase classname="tests.test_boundary_values" name="test_savings_fee_waiver_boundary[BV-F4]" time="0.002" /><testcase classname="tests.test_boundary_values" name="test_cumulative_daily_limit[BV-C1]" time="0.002" /><testcase classname="tests.test_boundary_values" name="test_cumulative_daily_limit[BV-C2]" time="0.002" /><testcase classname="tests.test_boundary_values" name="test_cumulative_daily_limit[BV-C3]" time="0.003" /><testcase classname="tests.test_boundary_values" name="test_cumulative_daily_limit[BV-C4]" time="0.002" /><testcase classname="tests.test_boundary_values" name="test_available_funds_boundary[BV-B1]" time="0.002" /><testcase classname="tests.test_boundary_values" name="test_available_funds_boundary[BV-B2]" time="0.002" /><testcase classname="tests.test_boundary_values" name="test_available_funds_boundary[BV-B3]" time="0.002" /><testcase classname="tests.test_boundary_values" name="test_available_funds_boundary[BV-B4]" time="0.002" /><testcase classname="tests.test_boundary_values" name="test_midnight_reset_boundary[BV-N1]" time="0.002" /><testcase classname="tests.test_boundary_values" name="test_midnight_reset_boundary[BV-N2]" time="0.002" /><testcase classname="tests.test_boundary_values" name="test_midnight_reset_boundary[BV-N3]" time="0.002" /><testcase classname="tests.test_boundary_values" name="test_midnight_reset_boundary[BV-N4]" time="0.002" /><testcase classname="tests.test_boundary_values" name="test_payment_date_boundary[BV-P1]" time="0.003" /><testcase classname="tests.test_boundary_values" name="test_payment_date_boundary[BV-P2]" time="0.002" /><testcase classname="tests.test_boundary_values" name="test_payment_date_boundary[BV-P3]" time="0.003" /><testcase classname="tests.test_boundary_values" name="test_payment_date_boundary[BV-P4]" time="0.002" /><testcase classname="tests.test_decision_tables" name="test_transfer_decision_rules[DT-T1]" time="0.002" /><testcase classname="tests.test_decision_tables" name="test_transfer_decision_rules[DT-T2]" time="0.003" /><testcase classname="tests.test_decision_tables" name="test_transfer_decision_rules[DT-T3]" time="0.002" /><testcase classname="tests.test_decision_tables" name="test_transfer_decision_rules[DT-T4]" time="0.002" /><testcase classname="tests.test_decision_tables" name="test_transfer_decision_rules[DT-T5]" time="0.002" /><testcase classname="tests.test_decision_tables" name="test_transfer_decision_rules[DT-T6]" time="0.002" /><testcase classname="tests.test_decision_tables" name="test_transfer_decision_rules[DT-T7]" time="0.002" /><testcase classname="tests.test_decision_tables" name="test_transfer_decision_rules[DT-T8]" time="0.002" /><testcase classname="tests.test_decision_tables" name="test_monthly_fee_decision_rules[DT-F1]" time="0.003" /><testcase classname="tests.test_decision_tables" name="test_monthly_fee_decision_rules[DT-F2]" time="0.002" /><testcase classname="tests.test_decision_tables" name="test_monthly_fee_decision_rules[DT-F3]" time="0.002" /><testcase classname="tests.test_decision_tables" name="test_monthly_fee_decision_rules[DT-F4]" time="0.002" /><testcase classname="tests.test_decision_tables" name="test_monthly_fee_decision_rules[DT-F5]" time="0.002" /><testcase classname="tests.test_decision_tables" name="test_monthly_fee_decision_rules[DT-F6]" time="0.003" /><testcase classname="tests.test_decision_tables" name="test_monthly_fee_decision_rules[DT-F7]" time="0.002" /><testcase classname="tests.test_decision_tables" name="test_monthly_fee_decision_rules[DT-F8]" time="0.003" /><testcase classname="tests.test_decision_tables" name="test_monthly_fee_decision_rules[DT-F9]" time="0.002" /><testcase classname="tests.test_decision_tables" name="test_monthly_fee_decision_rules[DT-F10]" time="0.002" /><testcase classname="tests.test_decision_tables" name="test_bill_payment_decision_rules[DT-P1]" time="0.003" /><testcase classname="tests.test_decision_tables" name="test_bill_payment_decision_rules[DT-P2]" time="0.002" /><testcase classname="tests.test_decision_tables" name="test_bill_payment_decision_rules[DT-P3]" time="0.003" /><testcase classname="tests.test_decision_tables" name="test_bill_payment_decision_rules[DT-P4]" time="0.002" /><testcase classname="tests.test_decision_tables" name="test_bill_payment_decision_rules[DT-P5]" time="0.003" /><testcase classname="tests.test_decision_tables" name="test_bill_payment_decision_rules[DT-P6]" time="0.002" /><testcase classname="tests.test_decision_tables" name="test_bill_payment_decision_rules[DT-P7]" time="0.002" /><testcase classname="tests.test_decision_tables" name="test_bill_payment_decision_rules[DT-P8]" time="0.002" /><testcase classname="tests.test_decision_tables" name="test_bill_payment_decision_rules[DT-P9]" time="0.002" /><testcase classname="tests.test_decision_tables" name="test_bill_payment_decision_rules[DT-P10]" time="0.002" /><testcase classname="tests.test_decision_tables" name="test_bill_payment_decision_rules[DT-P11]" time="0.003" /><testcase classname="tests.test_decision_tables" name="test_bill_payment_decision_rules[DT-P12]" time="0.002" /><testcase classname="tests.test_decision_tables" name="test_bill_payment_decision_rules[DT-P13]" time="0.002" /><testcase classname="tests.test_decision_tables" name="test_bill_payment_decision_rules[DT-P14]" time="0.002" /><testcase classname="tests.test_decision_tables" name="test_bill_payment_decision_rules[DT-P15]" time="0.002" /><testcase classname="tests.test_decision_tables" name="test_bill_payment_decision_rules[DT-P16]" time="0.003" /><testcase classname="tests.test_decision_tables" name="test_future_payment_processed_once" time="0.001" /><testcase classname="tests.test_decision_tables" name="test_scheduled_payment_revalidation[DT-S2]" time="0.002" /><testcase classname="tests.test_decision_tables" name="test_scheduled_payment_revalidation[DT-S3]" time="0.002" /><testcase classname="tests.test_decision_tables" name="test_scheduled_payment_revalidation[DT-S4]" time="0.002" /><testcase classname="tests.test_equivalence_partitioning" name="test_transfer_amount_partition[EP-A1]" time="0.002" /><testcase classname="tests.test_equivalence_partitioning" name="test_transfer_amount_partition[EP-A2]" time="0.002" /><testcase classname="tests.test_equivalence_partitioning" name="test_transfer_amount_partition[EP-A3]" time="0.002" /><testcase classname="tests.test_equivalence_partitioning" name="test_transfer_amount_partition[EP-A4]" time="0.002" /><testcase classname="tests.test_equivalence_partitioning" name="test_transfer_amount_partition[EP-A5]" time="0.002" /><testcase classname="tests.test_equivalence_partitioning" name="test_transfer_amount_partition[EP-A6]" time="0.003" /><testcase classname="tests.test_equivalence_partitioning" name="test_transfer_amount_partition[EP-A7]" time="0.002" /><testcase classname="tests.test_equivalence_partitioning" name="test_transfer_amount_partition[EP-A8]" time="0.002" /><testcase classname="tests.test_equivalence_partitioning" name="test_transfer_amount_partition[EP-A9]" time="0.002" /><testcase classname="tests.test_equivalence_partitioning" name="test_transfer_amount_partition[EP-A10]" time="0.002" /><testcase classname="tests.test_equivalence_partitioning" name="test_account_type_partition[EP-T1]" time="0.002" /><testcase classname="tests.test_equivalence_partitioning" name="test_account_type_partition[EP-T2]" time="0.002" /><testcase classname="tests.test_equivalence_partitioning" name="test_account_type_partition[EP-T3]" time="0.002" /><testcase classname="tests.test_equivalence_partitioning" name="test_account_type_partition[EP-T4]" time="0.003" /><testcase classname="tests.test_equivalence_partitioning" name="test_initial_balance_partition[EP-B1]" time="0.002" /><testcase classname="tests.test_equivalence_partitioning" name="test_initial_balance_partition[EP-B2]" time="0.002" /><testcase classname="tests.test_equivalence_partitioning" name="test_initial_balance_partition[EP-B3]" time="0.002" /><testcase classname="tests.test_equivalence_partitioning" name="test_initial_balance_partition[EP-B4]" time="0.003" /><testcase classname="tests.test_equivalence_partitioning" name="test_payee_partition[EP-P1]" time="0.002" /><testcase classname="tests.test_equivalence_partitioning" name="test_payee_partition[EP-P2]" time="0.002" /><testcase classname="tests.test_equivalence_partitioning" name="test_payee_partition[EP-P3]" time="0.002" /><testcase classname="tests.test_equivalence_partitioning" name="test_payee_partition[EP-P4]" time="0.002" /><testcase classname="tests.test_equivalence_partitioning" name="test_payee_partition[EP-P5]" time="0.002" /><testcase classname="tests.test_equivalence_partitioning" name="test_payee_partition[EP-P6]" time="0.002" /><testcase classname="tests.test_equivalence_partitioning" name="test_history_date_partition[EP-D1]" time="0.003" /><testcase classname="tests.test_equivalence_partitioning" name="test_history_date_partition[EP-D2]" time="0.002" /><testcase classname="tests.test_equivalence_partitioning" name="test_history_date_partition[EP-D3]" time="0.002" /><testcase classname="tests.test_equivalence_partitioning" name="test_history_date_partition[EP-D4]" time="0.003" /><testcase classname="tests.test_equivalence_partitioning" name="test_history_date_partition[EP-D5]" time="0.002" /><testcase classname="tests.test_equivalence_partitioning" name="test_history_date_partition[EP-D6]" time="0.002" /><testcase classname="tests.test_equivalence_partitioning" name="test_history_date_partition[EP-D7]" time="0.002" /><testcase classname="tests.test_equivalence_partitioning" name="test_update_information_partition[EP-I1]" time="0.002" /><testcase classname="tests.test_equivalence_partitioning" name="test_update_information_partition[EP-I2]" time="0.002" /><testcase classname="tests.test_equivalence_partitioning" name="test_update_information_partition[EP-I3]" time="0.002" /><testcase classname="tests.test_equivalence_partitioning" name="test_transfer_between_own_accounts" time="0.001" /><testcase classname="tests.test_equivalence_partitioning" name="test_invalid_recipient_is_atomic[EP-R2]" time="0.002" /><testcase classname="tests.test_equivalence_partitioning" name="test_invalid_recipient_is_atomic[EP-R3]" time="0.003" /><testcase classname="tests.test_equivalence_partitioning" name="test_invalid_recipient_is_atomic[EP-R4]" time="0.002" /><testcase classname="tests.test_state_transitions" name="test_active_to_suspended_and_recovered" time="0.002" /><testcase classname="tests.test_state_transitions" name="test_frozen_to_active" time="0.001" /><testcase classname="tests.test_state_transitions" name="test_close_from_every_state_is_permanent[ST3]" time="0.002" /><testcase classname="tests.test_state_transitions" name="test_close_from_every_state_is_permanent[ST4]" time="0.002" /><testcase classname="tests.test_state_transitions" name="test_close_from_every_state_is_permanent[ST5]" time="0.002" /><testcase classname="tests.test_state_transitions" name="test_close_from_every_state_is_permanent[ST6]" time="0.003" /><testcase classname="tests.test_state_transitions" name="test_frozen_blocks_all_financial_operations" time="0.002" /><testcase classname="tests.test_state_transitions" name="test_insufficient_fee_suspends_then_deposit_recovers" time="0.001" /><testcase classname="tests.test_state_transitions" name="test_partial_deposit_keeps_suspended" time="0.003" /><testcase classname="tests.test_state_transitions" name="test_invalid_deposit_preserves_state[ST10]" time="0.002" /><testcase classname="tests.test_state_transitions" name="test_invalid_deposit_preserves_state[ST11]" time="0.002" /><testcase classname="tests.test_state_transitions" name="test_invalid_deposit_preserves_state[ST12]" time="0.002" /></testsuite></testsuites>
