============================= test session starts =============================
platform win32 -- Python 3.12.14, pytest-9.1.1, pluggy-1.6.0 -- C:\Users\david\MYSHIT\.venv-hw4\Scripts\python.exe
cachedir: .pytest_cache
rootdir: C:\Users\david\MYSHIT\homework-4\students\davidvaldezm\homework-4
configfile: pytest.ini
testpaths: tests
plugins: cov-7.1.0
collecting ... collected 125 items

tests/test_boundary_values.py::test_transfer_limit_boundaries[BV-A1] PASSED [  0%]
tests/test_boundary_values.py::test_transfer_limit_boundaries[BV-A2] PASSED [  1%]
tests/test_boundary_values.py::test_transfer_limit_boundaries[BV-A3] PASSED [  2%]
tests/test_boundary_values.py::test_transfer_limit_boundaries[BV-A4] PASSED [  3%]
tests/test_boundary_values.py::test_transfer_limit_boundaries[BV-A5] PASSED [  4%]
tests/test_boundary_values.py::test_transfer_limit_boundaries[BV-A6] PASSED [  4%]
tests/test_boundary_values.py::test_transfer_limit_boundaries[BV-A7] PASSED [  5%]
tests/test_boundary_values.py::test_transfer_limit_boundaries[BV-A8] PASSED [  6%]
tests/test_boundary_values.py::test_transfer_limit_boundaries[BV-A9] PASSED [  7%]
tests/test_boundary_values.py::test_transfer_limit_boundaries[BV-A10] PASSED [  8%]
tests/test_boundary_values.py::test_transfer_limit_boundaries[BV-A11] PASSED [  8%]
tests/test_boundary_values.py::test_transfer_limit_boundaries[BV-A12] PASSED [  9%]
tests/test_boundary_values.py::test_savings_minimum_boundary[BV-M1] PASSED [ 10%]
tests/test_boundary_values.py::test_savings_minimum_boundary[BV-M2] PASSED [ 11%]
tests/test_boundary_values.py::test_savings_minimum_boundary[BV-M3] PASSED [ 12%]
tests/test_boundary_values.py::test_savings_minimum_boundary[BV-M4] PASSED [ 12%]
tests/test_boundary_values.py::test_savings_minimum_boundary[BV-M5] PASSED [ 13%]
tests/test_boundary_values.py::test_savings_fee_waiver_boundary[BV-F1] PASSED [ 14%]
tests/test_boundary_values.py::test_savings_fee_waiver_boundary[BV-F2] PASSED [ 15%]
tests/test_boundary_values.py::test_savings_fee_waiver_boundary[BV-F3] PASSED [ 16%]
tests/test_boundary_values.py::test_savings_fee_waiver_boundary[BV-F4] PASSED [ 16%]
tests/test_boundary_values.py::test_cumulative_daily_limit[BV-C1] PASSED [ 17%]
tests/test_boundary_values.py::test_cumulative_daily_limit[BV-C2] PASSED [ 18%]
tests/test_boundary_values.py::test_cumulative_daily_limit[BV-C3] PASSED [ 19%]
tests/test_boundary_values.py::test_cumulative_daily_limit[BV-C4] PASSED [ 20%]
tests/test_boundary_values.py::test_available_funds_boundary[BV-B1] PASSED [ 20%]
tests/test_boundary_values.py::test_available_funds_boundary[BV-B2] PASSED [ 21%]
tests/test_boundary_values.py::test_available_funds_boundary[BV-B3] PASSED [ 22%]
tests/test_boundary_values.py::test_available_funds_boundary[BV-B4] PASSED [ 23%]
tests/test_boundary_values.py::test_midnight_reset_boundary[BV-N1] PASSED [ 24%]
tests/test_boundary_values.py::test_midnight_reset_boundary[BV-N2] PASSED [ 24%]
tests/test_boundary_values.py::test_midnight_reset_boundary[BV-N3] PASSED [ 25%]
tests/test_boundary_values.py::test_midnight_reset_boundary[BV-N4] PASSED [ 26%]
tests/test_boundary_values.py::test_payment_date_boundary[BV-P1] PASSED  [ 27%]
tests/test_boundary_values.py::test_payment_date_boundary[BV-P2] PASSED  [ 28%]
tests/test_boundary_values.py::test_payment_date_boundary[BV-P3] PASSED  [ 28%]
tests/test_boundary_values.py::test_payment_date_boundary[BV-P4] PASSED  [ 29%]
tests/test_decision_tables.py::test_transfer_decision_rules[DT-T1] PASSED [ 30%]
tests/test_decision_tables.py::test_transfer_decision_rules[DT-T2] PASSED [ 31%]
tests/test_decision_tables.py::test_transfer_decision_rules[DT-T3] PASSED [ 32%]
tests/test_decision_tables.py::test_transfer_decision_rules[DT-T4] PASSED [ 32%]
tests/test_decision_tables.py::test_transfer_decision_rules[DT-T5] PASSED [ 33%]
tests/test_decision_tables.py::test_transfer_decision_rules[DT-T6] PASSED [ 34%]
tests/test_decision_tables.py::test_transfer_decision_rules[DT-T7] PASSED [ 35%]
tests/test_decision_tables.py::test_transfer_decision_rules[DT-T8] PASSED [ 36%]
tests/test_decision_tables.py::test_monthly_fee_decision_rules[DT-F1] PASSED [ 36%]
tests/test_decision_tables.py::test_monthly_fee_decision_rules[DT-F2] PASSED [ 37%]
tests/test_decision_tables.py::test_monthly_fee_decision_rules[DT-F3] PASSED [ 38%]
tests/test_decision_tables.py::test_monthly_fee_decision_rules[DT-F4] PASSED [ 39%]
tests/test_decision_tables.py::test_monthly_fee_decision_rules[DT-F5] PASSED [ 40%]
tests/test_decision_tables.py::test_monthly_fee_decision_rules[DT-F6] PASSED [ 40%]
tests/test_decision_tables.py::test_monthly_fee_decision_rules[DT-F7] PASSED [ 41%]
tests/test_decision_tables.py::test_monthly_fee_decision_rules[DT-F8] PASSED [ 42%]
tests/test_decision_tables.py::test_monthly_fee_decision_rules[DT-F9] PASSED [ 43%]
tests/test_decision_tables.py::test_monthly_fee_decision_rules[DT-F10] PASSED [ 44%]
tests/test_decision_tables.py::test_bill_payment_decision_rules[DT-P1] PASSED [ 44%]
tests/test_decision_tables.py::test_bill_payment_decision_rules[DT-P2] PASSED [ 45%]
tests/test_decision_tables.py::test_bill_payment_decision_rules[DT-P3] PASSED [ 46%]
tests/test_decision_tables.py::test_bill_payment_decision_rules[DT-P4] PASSED [ 47%]
tests/test_decision_tables.py::test_bill_payment_decision_rules[DT-P5] PASSED [ 48%]
tests/test_decision_tables.py::test_bill_payment_decision_rules[DT-P6] PASSED [ 48%]
tests/test_decision_tables.py::test_bill_payment_decision_rules[DT-P7] PASSED [ 49%]
tests/test_decision_tables.py::test_bill_payment_decision_rules[DT-P8] PASSED [ 50%]
tests/test_decision_tables.py::test_bill_payment_decision_rules[DT-P9] PASSED [ 51%]
tests/test_decision_tables.py::test_bill_payment_decision_rules[DT-P10] PASSED [ 52%]
tests/test_decision_tables.py::test_bill_payment_decision_rules[DT-P11] PASSED [ 52%]
tests/test_decision_tables.py::test_bill_payment_decision_rules[DT-P12] PASSED [ 53%]
tests/test_decision_tables.py::test_bill_payment_decision_rules[DT-P13] PASSED [ 54%]
tests/test_decision_tables.py::test_bill_payment_decision_rules[DT-P14] PASSED [ 55%]
tests/test_decision_tables.py::test_bill_payment_decision_rules[DT-P15] PASSED [ 56%]
tests/test_decision_tables.py::test_bill_payment_decision_rules[DT-P16] PASSED [ 56%]
tests/test_decision_tables.py::test_future_payment_processed_once PASSED [ 57%]
tests/test_decision_tables.py::test_scheduled_payment_revalidation[DT-S2] PASSED [ 58%]
tests/test_decision_tables.py::test_scheduled_payment_revalidation[DT-S3] PASSED [ 59%]
tests/test_decision_tables.py::test_scheduled_payment_revalidation[DT-S4] PASSED [ 60%]
tests/test_equivalence_partitioning.py::test_transfer_amount_partition[EP-A1] PASSED [ 60%]
tests/test_equivalence_partitioning.py::test_transfer_amount_partition[EP-A2] PASSED [ 61%]
tests/test_equivalence_partitioning.py::test_transfer_amount_partition[EP-A3] PASSED [ 62%]
tests/test_equivalence_partitioning.py::test_transfer_amount_partition[EP-A4] PASSED [ 63%]
tests/test_equivalence_partitioning.py::test_transfer_amount_partition[EP-A5] PASSED [ 64%]
tests/test_equivalence_partitioning.py::test_transfer_amount_partition[EP-A6] PASSED [ 64%]
tests/test_equivalence_partitioning.py::test_transfer_amount_partition[EP-A7] PASSED [ 65%]
tests/test_equivalence_partitioning.py::test_transfer_amount_partition[EP-A8] PASSED [ 66%]
tests/test_equivalence_partitioning.py::test_transfer_amount_partition[EP-A9] PASSED [ 67%]
tests/test_equivalence_partitioning.py::test_transfer_amount_partition[EP-A10] PASSED [ 68%]
tests/test_equivalence_partitioning.py::test_account_type_partition[EP-T1] PASSED [ 68%]
tests/test_equivalence_partitioning.py::test_account_type_partition[EP-T2] PASSED [ 69%]
tests/test_equivalence_partitioning.py::test_account_type_partition[EP-T3] PASSED [ 70%]
tests/test_equivalence_partitioning.py::test_account_type_partition[EP-T4] PASSED [ 71%]
tests/test_equivalence_partitioning.py::test_initial_balance_partition[EP-B1] PASSED [ 72%]
tests/test_equivalence_partitioning.py::test_initial_balance_partition[EP-B2] PASSED [ 72%]
tests/test_equivalence_partitioning.py::test_initial_balance_partition[EP-B3] PASSED [ 73%]
tests/test_equivalence_partitioning.py::test_initial_balance_partition[EP-B4] PASSED [ 74%]
tests/test_equivalence_partitioning.py::test_payee_partition[EP-P1] PASSED [ 75%]
tests/test_equivalence_partitioning.py::test_payee_partition[EP-P2] PASSED [ 76%]
tests/test_equivalence_partitioning.py::test_payee_partition[EP-P3] PASSED [ 76%]
tests/test_equivalence_partitioning.py::test_payee_partition[EP-P4] PASSED [ 77%]
tests/test_equivalence_partitioning.py::test_payee_partition[EP-P5] PASSED [ 78%]
tests/test_equivalence_partitioning.py::test_payee_partition[EP-P6] PASSED [ 79%]
tests/test_equivalence_partitioning.py::test_history_date_partition[EP-D1] PASSED [ 80%]
tests/test_equivalence_partitioning.py::test_history_date_partition[EP-D2] PASSED [ 80%]
tests/test_equivalence_partitioning.py::test_history_date_partition[EP-D3] PASSED [ 81%]
tests/test_equivalence_partitioning.py::test_history_date_partition[EP-D4] PASSED [ 82%]
tests/test_equivalence_partitioning.py::test_history_date_partition[EP-D5] PASSED [ 83%]
tests/test_equivalence_partitioning.py::test_history_date_partition[EP-D6] PASSED [ 84%]
tests/test_equivalence_partitioning.py::test_history_date_partition[EP-D7] PASSED [ 84%]
tests/test_equivalence_partitioning.py::test_update_information_partition[EP-I1] PASSED [ 85%]
tests/test_equivalence_partitioning.py::test_update_information_partition[EP-I2] PASSED [ 86%]
tests/test_equivalence_partitioning.py::test_update_information_partition[EP-I3] PASSED [ 87%]
tests/test_equivalence_partitioning.py::test_transfer_between_own_accounts PASSED [ 88%]
tests/test_equivalence_partitioning.py::test_invalid_recipient_is_atomic[EP-R2] PASSED [ 88%]
tests/test_equivalence_partitioning.py::test_invalid_recipient_is_atomic[EP-R3] PASSED [ 89%]
tests/test_equivalence_partitioning.py::test_invalid_recipient_is_atomic[EP-R4] PASSED [ 90%]
tests/test_state_transitions.py::test_active_to_suspended_and_recovered PASSED [ 91%]
tests/test_state_transitions.py::test_frozen_to_active PASSED            [ 92%]
tests/test_state_transitions.py::test_close_from_every_state_is_permanent[ST3] PASSED [ 92%]
tests/test_state_transitions.py::test_close_from_every_state_is_permanent[ST4] PASSED [ 93%]
tests/test_state_transitions.py::test_close_from_every_state_is_permanent[ST5] PASSED [ 94%]
tests/test_state_transitions.py::test_close_from_every_state_is_permanent[ST6] PASSED [ 95%]
tests/test_state_transitions.py::test_frozen_blocks_all_financial_operations PASSED [ 96%]
tests/test_state_transitions.py::test_insufficient_fee_suspends_then_deposit_recovers PASSED [ 96%]
tests/test_state_transitions.py::test_partial_deposit_keeps_suspended PASSED [ 97%]
tests/test_state_transitions.py::test_invalid_deposit_preserves_state[ST10] PASSED [ 98%]
tests/test_state_transitions.py::test_invalid_deposit_preserves_state[ST11] PASSED [ 99%]
tests/test_state_transitions.py::test_invalid_deposit_preserves_state[ST12] PASSED [100%]

- generated xml file: C:\Users\david\MYSHIT\homework-4\students\davidvaldezm\homework-4\reports\results.xml -
=============================== tests coverage ================================
______________ coverage: platform win32, python 3.12.14-final-0 _______________

Name                    Stmts   Miss Branch BrPart  Cover   Missing
-------------------------------------------------------------------
src\__init__.py             0      0      0      0   100%
src\banking_system.py     150      0     52      0   100%
-------------------------------------------------------------------
TOTAL                     150      0     52      0   100%
Coverage HTML written to dir htmlcov
Coverage JSON written to file reports/coverage.json
============================= 125 passed in 0.86s =============================
