============================= test session starts ==============================
platform darwin -- Python 3.11.9, pytest-9.1.1, pluggy-1.6.0 -- /Users/pabloportillo/Desktop/ITESO/Semestre7/PruebasCourse/software-testing-fall-2026/venv/bin/python
cachedir: .pytest_cache
metadata: {'Python': '3.11.9', 'Platform': 'macOS-26.5.2-arm64-arm-64bit', 'Packages': {'pytest': '9.1.1', 'pluggy': '1.6.0'}, 'Plugins': {'mock': '3.15.1', 'cov': '7.1.0', 'playwright': '0.9.0', 'xdist': '3.8.0', 'metadata': '3.1.1', 'locust': '2.46.4', 'html': '4.2.0', 'base-url': '2.1.0'}, 'Base URL': ''}
rootdir: /Users/pabloportillo/Desktop/ITESO/Semestre7/PruebasCourse/software-testing-fall-2026/students/pabloportillo1/homework-4
configfile: pyproject.toml
plugins: mock-3.15.1, cov-7.1.0, playwright-0.9.0, xdist-3.8.0, metadata-3.1.1, locust-2.46.4, html-4.2.0, base-url-2.1.0
collecting ... collected 116 items

tests/test_boundary_values.py::TestCheckingDailyLimitBoundary::test_amounts_outside_the_limit_are_rejected[BV1-zero] PASSED [  0%]
tests/test_boundary_values.py::TestCheckingDailyLimitBoundary::test_amounts_outside_the_limit_are_rejected[BV5-one-cent-over] PASSED [  1%]
tests/test_boundary_values.py::TestCheckingDailyLimitBoundary::test_amounts_outside_the_limit_are_rejected[BV6-far-over] PASSED [  2%]
tests/test_boundary_values.py::TestCheckingDailyLimitBoundary::test_amounts_inside_the_limit_succeed[BV2-minimum] PASSED [  3%]
tests/test_boundary_values.py::TestCheckingDailyLimitBoundary::test_amounts_inside_the_limit_succeed[BV3-just-below-limit] PASSED [  4%]
tests/test_boundary_values.py::TestCheckingDailyLimitBoundary::test_amounts_inside_the_limit_succeed[BV4-at-limit] PASSED [  5%]
tests/test_boundary_values.py::TestCheckingDailyLimitBoundary::test_transfer_at_minimum_valid_amount_debits_one_cent PASSED [  6%]
tests/test_boundary_values.py::TestSavingsDailyLimitBoundary::test_savings_limit_edges[BV7-minimum] PASSED [  6%]
tests/test_boundary_values.py::TestSavingsDailyLimitBoundary::test_savings_limit_edges[BV8-just-below-limit] PASSED [  7%]
tests/test_boundary_values.py::TestSavingsDailyLimitBoundary::test_savings_limit_edges[BV9-at-limit] PASSED [  8%]
tests/test_boundary_values.py::TestSavingsDailyLimitBoundary::test_savings_limit_edges[BV10-one-cent-over] PASSED [  9%]
tests/test_boundary_values.py::TestCumulativeDailyLimitBoundary::test_second_transfer_of_the_day_is_measured_cumulatively[BV11-just-below] PASSED [ 10%]
tests/test_boundary_values.py::TestCumulativeDailyLimitBoundary::test_second_transfer_of_the_day_is_measured_cumulatively[BV12-at-limit] PASSED [ 11%]
tests/test_boundary_values.py::TestCumulativeDailyLimitBoundary::test_second_transfer_of_the_day_is_measured_cumulatively[BV13-one-cent-over] PASSED [ 12%]
tests/test_boundary_values.py::TestCumulativeDailyLimitBoundary::test_limit_resets_at_midnight PASSED [ 12%]
tests/test_boundary_values.py::TestMinimumBalanceBoundary::test_state_after_transfer_follows_the_minimum_balance[BV15-above] PASSED [ 13%]
tests/test_boundary_values.py::TestMinimumBalanceBoundary::test_state_after_transfer_follows_the_minimum_balance[BV16-one-cent-above] PASSED [ 14%]
tests/test_boundary_values.py::TestMinimumBalanceBoundary::test_state_after_transfer_follows_the_minimum_balance[BV17-at-minimum] PASSED [ 15%]
tests/test_boundary_values.py::TestMinimumBalanceBoundary::test_state_after_transfer_follows_the_minimum_balance[BV18-one-cent-below] PASSED [ 16%]
tests/test_boundary_values.py::TestMinimumBalanceBoundary::test_state_after_transfer_follows_the_minimum_balance[BV19-empty] PASSED [ 17%]
tests/test_boundary_values.py::TestMinimumBalanceBoundary::test_dropping_below_minimum_raises_a_warning PASSED [ 18%]
tests/test_boundary_values.py::TestFeeWaiverBoundary::test_fee_waiver_is_strictly_above_the_threshold[BV20-just-below] PASSED [ 18%]
tests/test_boundary_values.py::TestFeeWaiverBoundary::test_fee_waiver_is_strictly_above_the_threshold[BV21-at-threshold] PASSED [ 19%]
tests/test_boundary_values.py::TestFeeWaiverBoundary::test_fee_waiver_is_strictly_above_the_threshold[BV22-one-cent-above] PASSED [ 20%]
tests/test_boundary_values.py::TestFeeWaiverBoundary::test_fee_waiver_is_strictly_above_the_threshold[BV23-far-above] PASSED [ 21%]
tests/test_boundary_values.py::TestFeeAffordabilityBoundary::test_affordable_fee_is_charged[BV24-one-cent-spare] PASSED [ 22%]
tests/test_boundary_values.py::TestFeeAffordabilityBoundary::test_affordable_fee_is_charged[BV25-exactly-affordable] PASSED [ 23%]
tests/test_boundary_values.py::TestFeeAffordabilityBoundary::test_unaffordable_fee_suspends_the_account[BV26-one-cent-short] PASSED [ 24%]
tests/test_boundary_values.py::TestFeeAffordabilityBoundary::test_unaffordable_fee_suspends_the_account[BV27-empty] PASSED [ 25%]
tests/test_boundary_values.py::TestHistoryRangeBoundary::test_range_ends_are_inclusive[BV28-ends-on-first] PASSED [ 25%]
tests/test_boundary_values.py::TestHistoryRangeBoundary::test_range_ends_are_inclusive[BV29-starts-one-day-late] PASSED [ 26%]
tests/test_boundary_values.py::TestHistoryRangeBoundary::test_range_ends_are_inclusive[BV30-full-range] PASSED [ 27%]
tests/test_boundary_values.py::TestHistoryRangeBoundary::test_range_ends_are_inclusive[BV31-single-day] PASSED [ 28%]
tests/test_decision_tables.py::TestTransferValidationTable::test_rule_1_active_account_with_valid_transfer PASSED [ 29%]
tests/test_decision_tables.py::TestTransferValidationTable::test_rule_2_suspended_account_can_still_transfer PASSED [ 30%]
tests/test_decision_tables.py::TestTransferValidationTable::test_rule_3_frozen_account_is_blocked PASSED [ 31%]
tests/test_decision_tables.py::TestTransferValidationTable::test_rule_4_closed_account_is_blocked PASSED [ 31%]
tests/test_decision_tables.py::TestTransferValidationTable::test_rule_5_non_positive_amount PASSED [ 32%]
tests/test_decision_tables.py::TestTransferValidationTable::test_rule_6_non_numeric_amount PASSED [ 33%]
tests/test_decision_tables.py::TestTransferValidationTable::test_rule_7_amount_over_daily_limit PASSED [ 34%]
tests/test_decision_tables.py::TestTransferValidationTable::test_rule_8_amount_over_balance PASSED [ 35%]
tests/test_decision_tables.py::TestTransferValidationTable::test_rule_9_state_check_wins_over_invalid_amount PASSED [ 36%]
tests/test_decision_tables.py::TestTransferValidationTable::test_rule_10_suspended_account_still_needs_funds PASSED [ 37%]
tests/test_decision_tables.py::TestMonthlyFeeTable::test_rule_1_premium_never_pays_a_fee PASSED [ 37%]
tests/test_decision_tables.py::TestMonthlyFeeTable::test_rule_2_savings_above_threshold_is_waived PASSED [ 38%]
tests/test_decision_tables.py::TestMonthlyFeeTable::test_rule_3_savings_below_threshold_is_charged PASSED [ 39%]
tests/test_decision_tables.py::TestMonthlyFeeTable::test_rule_4_checking_above_threshold_is_waived PASSED [ 40%]
tests/test_decision_tables.py::TestMonthlyFeeTable::test_rule_5_checking_below_threshold_is_charged PASSED [ 41%]
tests/test_decision_tables.py::TestMonthlyFeeTable::test_rule_6_unaffordable_fee_suspends_the_account PASSED [ 42%]
tests/test_decision_tables.py::TestMonthlyFeeTable::test_fee_that_crosses_the_minimum_also_suspends PASSED [ 43%]
tests/test_decision_tables.py::TestBillPaymentTable::test_rule_1_valid_immediate_payment PASSED [ 43%]
tests/test_decision_tables.py::TestBillPaymentTable::test_rule_2_payment_above_balance PASSED [ 44%]
tests/test_decision_tables.py::TestBillPaymentTable::test_rule_3_unknown_payee PASSED [ 45%]
tests/test_decision_tables.py::TestBillPaymentTable::test_rule_4_inactive_payee PASSED [ 46%]
tests/test_decision_tables.py::TestBillPaymentTable::test_rule_5_non_positive_amount PASSED [ 47%]
tests/test_decision_tables.py::TestBillPaymentTable::test_rule_6_past_scheduled_date PASSED [ 48%]
tests/test_decision_tables.py::TestBillPaymentTable::test_rule_7_frozen_account_cannot_pay_bills PASSED [ 49%]
tests/test_decision_tables.py::TestBillPaymentTable::test_rule_8_future_payment_is_scheduled PASSED [ 50%]
tests/test_decision_tables.py::TestAccountCreationTable::test_rule_1_valid_creation PASSED [ 50%]
tests/test_decision_tables.py::TestAccountCreationTable::test_rule_2_deposit_below_minimum PASSED [ 51%]
tests/test_decision_tables.py::TestAccountCreationTable::test_rule_3_negative_deposit PASSED [ 52%]
tests/test_decision_tables.py::TestAccountCreationTable::test_rule_4_unsupported_type[unknown] PASSED [ 53%]
tests/test_decision_tables.py::TestAccountCreationTable::test_rule_4_unsupported_type[wrong-case] PASSED [ 54%]
tests/test_decision_tables.py::TestAccountCreationTable::test_rule_4_unsupported_type[empty] PASSED [ 55%]
tests/test_equivalence_partitioning.py::TestTransferAmountPartitions::test_valid_amount_within_funds_and_limit_succeeds PASSED [ 56%]
tests/test_equivalence_partitioning.py::TestTransferAmountPartitions::test_zero_amount_is_rejected PASSED [ 56%]
tests/test_equivalence_partitioning.py::TestTransferAmountPartitions::test_negative_amount_is_rejected PASSED [ 57%]
tests/test_equivalence_partitioning.py::TestTransferAmountPartitions::test_amount_above_daily_limit_is_rejected PASSED [ 58%]
tests/test_equivalence_partitioning.py::TestTransferAmountPartitions::test_amount_above_balance_but_within_limit_is_rejected PASSED [ 59%]
tests/test_equivalence_partitioning.py::TestTransferAmountPartitions::test_non_numeric_amount_is_rejected PASSED [ 60%]
tests/test_equivalence_partitioning.py::TestTransferAmountPartitions::test_sub_cent_amount_is_rejected PASSED [ 61%]
tests/test_equivalence_partitioning.py::TestTransferAmountPartitions::test_rejected_transfer_leaves_balance_untouched PASSED [ 62%]
tests/test_equivalence_partitioning.py::TestAccountTypePartitions::test_supported_account_types_are_created[EP8-savings] PASSED [ 62%]
tests/test_equivalence_partitioning.py::TestAccountTypePartitions::test_supported_account_types_are_created[EP9-checking] PASSED [ 63%]
tests/test_equivalence_partitioning.py::TestAccountTypePartitions::test_supported_account_types_are_created[EP10-premium] PASSED [ 64%]
tests/test_equivalence_partitioning.py::TestAccountTypePartitions::test_unsupported_account_type_is_rejected PASSED [ 65%]
tests/test_equivalence_partitioning.py::TestAccountTypePartitions::test_empty_account_type_is_rejected PASSED [ 66%]
tests/test_equivalence_partitioning.py::TestOpeningBalancePartitions::test_opening_deposit_above_minimum_succeeds PASSED [ 67%]
tests/test_equivalence_partitioning.py::TestOpeningBalancePartitions::test_opening_deposit_below_minimum_is_rejected PASSED [ 68%]
tests/test_equivalence_partitioning.py::TestOpeningBalancePartitions::test_negative_opening_deposit_is_rejected PASSED [ 68%]
tests/test_equivalence_partitioning.py::TestOpeningBalancePartitions::test_premium_opened_below_its_minimum_is_rejected PASSED [ 69%]
tests/test_equivalence_partitioning.py::TestPayeePartitions::test_registered_active_payee_is_paid PASSED [ 70%]
tests/test_equivalence_partitioning.py::TestPayeePartitions::test_unknown_payee_is_rejected PASSED [ 71%]
tests/test_equivalence_partitioning.py::TestPayeePartitions::test_deactivated_payee_is_rejected PASSED [ 72%]
tests/test_equivalence_partitioning.py::TestScheduledDatePartitions::test_immediate_payment_debits_now PASSED [ 73%]
tests/test_equivalence_partitioning.py::TestScheduledDatePartitions::test_future_payment_is_scheduled_without_debit PASSED [ 74%]
tests/test_equivalence_partitioning.py::TestScheduledDatePartitions::test_past_payment_date_is_rejected PASSED [ 75%]
tests/test_equivalence_partitioning.py::TestHistoryDateRangePartitions::test_range_covering_some_entries_filters_history PASSED [ 75%]
tests/test_equivalence_partitioning.py::TestHistoryDateRangePartitions::test_missing_range_returns_full_history PASSED [ 76%]
tests/test_equivalence_partitioning.py::TestHistoryDateRangePartitions::test_range_without_entries_returns_empty_history PASSED [ 77%]
tests/test_equivalence_partitioning.py::TestHistoryDateRangePartitions::test_inverted_range_is_rejected PASSED [ 78%]
tests/test_equivalence_partitioning.py::TestHistoryDateRangePartitions::test_wrong_bound_type_is_rejected PASSED [ 79%]
tests/test_equivalence_partitioning.py::TestAmountPartitionsAcrossOperations::test_deposit_rejects_sub_cent_amount PASSED [ 80%]
tests/test_equivalence_partitioning.py::TestAmountPartitionsAcrossOperations::test_deposit_rejects_non_positive_amount PASSED [ 81%]
tests/test_equivalence_partitioning.py::TestAmountPartitionsAcrossOperations::test_bill_payment_rejects_non_numeric_amount PASSED [ 81%]
tests/test_equivalence_partitioning.py::TestAmountPartitionsAcrossOperations::test_account_creation_rejects_non_numeric_deposit PASSED [ 82%]
tests/test_equivalence_partitioning.py::TestAmountPartitionsAcrossOperations::test_infinite_amount_is_rejected PASSED [ 83%]
tests/test_equivalence_partitioning.py::TestAmountPartitionsAcrossOperations::test_constructor_rejects_unknown_account_type PASSED [ 84%]
tests/test_equivalence_partitioning.py::TestAmountPartitionsAcrossOperations::test_structured_value_is_not_an_amount PASSED [ 85%]
tests/test_equivalence_partitioning.py::TestAmountPartitionsAcrossOperations::test_scientific_notation_below_one_cent_is_rejected PASSED [ 86%]
tests/test_state_transitions.py::TestStateTransitions::test_st1_transfer_below_minimum_suspends_active_account PASSED [ 87%]
tests/test_state_transitions.py::TestStateTransitions::test_st2_deposit_restores_suspended_account PASSED [ 87%]
tests/test_state_transitions.py::TestStateTransitions::test_st3_deposit_below_minimum_keeps_account_suspended PASSED [ 88%]
tests/test_state_transitions.py::TestStateTransitions::test_st4_freeze_blocks_transfers PASSED [ 89%]
tests/test_state_transitions.py::TestStateTransitions::test_st5_unfreeze_above_minimum_returns_to_active PASSED [ 90%]
tests/test_state_transitions.py::TestStateTransitions::test_st6_unfreeze_below_minimum_returns_to_suspended PASSED [ 91%]
tests/test_state_transitions.py::TestStateTransitions::test_st7_frozen_account_can_be_closed PASSED [ 92%]
tests/test_state_transitions.py::TestStateTransitions::test_st8_closed_account_rejects_every_event[ST8-transfer] PASSED [ 93%]
tests/test_state_transitions.py::TestStateTransitions::test_st8_closed_account_rejects_every_event[ST8-deposit] PASSED [ 93%]
tests/test_state_transitions.py::TestStateTransitions::test_st8_closed_account_rejects_every_event[ST8-reopen] PASSED [ 94%]
tests/test_state_transitions.py::TestStateTransitions::test_st9_unpayable_monthly_fee_suspends_account PASSED [ 95%]
tests/test_state_transitions.py::TestStateTransitions::test_st10_suspended_account_still_transfers PASSED [ 96%]
tests/test_state_transitions.py::TestStateTransitions::test_st11_close_active_account_generates_statement PASSED [ 97%]
tests/test_state_transitions.py::TestStateTransitions::test_st12_transfer_to_exact_minimum_stays_active PASSED [ 98%]
tests/test_state_transitions.py::TestStateTransitions::test_freeze_and_close_are_refused_on_closed_accounts PASSED [ 99%]
tests/test_state_transitions.py::TestStateTransitions::test_st13_unfreeze_is_rejected_on_a_non_frozen_account PASSED [100%]

============================= 116 passed in 0.13s ==============================
